2019-10-08 15:23:24.4800|INFO|Microsoft.AspNetCore.DataProtection.KeyManagement.XmlKeyManager|User profile is available. Using 'C:\Users\Andre.Borges\AppData\Local\ASP.NET\DataProtection-Keys' as key repository and Windows DPAPI to encrypt keys at rest.
2019-10-08 15:23:26.0102|INFO|Microsoft.EntityFrameworkCore.Infrastructure|Entity Framework Core 3.0.0 initialized 'CityInfoContext' using provider 'Microsoft.EntityFrameworkCore.SqlServer' with options: None
2019-10-08 15:23:26.6823|INFO|Microsoft.EntityFrameworkCore.Database.Command|Executing DbCommand [Parameters=[], CommandType='Text', CommandTimeout='30']
SELECT OBJECT_ID(N'[__EFMigrationsHistory]');
2019-10-08 15:23:26.7392|INFO|Microsoft.EntityFrameworkCore.Database.Command|Executing DbCommand [Parameters=[], CommandType='Text', CommandTimeout='30']
SELECT OBJECT_ID(N'[__EFMigrationsHistory]');
2019-10-08 15:23:26.7728|INFO|Microsoft.EntityFrameworkCore.Database.Command|Executing DbCommand [Parameters=[], CommandType='Text', CommandTimeout='30']
SELECT [MigrationId], [ProductVersion]
FROM [__EFMigrationsHistory]
ORDER BY [MigrationId];
2019-10-08 15:23:26.8040|INFO|Microsoft.EntityFrameworkCore.Migrations|No migrations were applied. The database is already up to date.
2019-10-08 15:23:27.2002|INFO|Microsoft.EntityFrameworkCore.Database.Command|Executing DbCommand [Parameters=[], CommandType='Text', CommandTimeout='30']
SELECT CASE
    WHEN EXISTS (
        SELECT 1
        FROM [Cities] AS [c]) THEN CAST(1 AS bit)
    ELSE CAST(0 AS bit)
END
2019-10-08 15:23:27.5781|INFO|Microsoft.EntityFrameworkCore.Database.Command|Executing DbCommand [Parameters=[@p0='?' (Size = 200), @p1='?' (Size = 50)], CommandType='Text', CommandTimeout='30']
SET NOCOUNT ON;
INSERT INTO [Cities] ([Description], [Name])
VALUES (@p0, @p1);
SELECT [Id]
FROM [Cities]
WHERE @@ROWCOUNT = 1 AND [Id] = scope_identity();
2019-10-08 15:23:27.6647|INFO|Microsoft.EntityFrameworkCore.Database.Command|Executing DbCommand [Parameters=[@p0='?' (Size = 200), @p1='?' (Size = 50)], CommandType='Text', CommandTimeout='30']
SET NOCOUNT ON;
INSERT INTO [Cities] ([Description], [Name])
VALUES (@p0, @p1);
SELECT [Id]
FROM [Cities]
WHERE @@ROWCOUNT = 1 AND [Id] = scope_identity();
2019-10-08 15:23:27.6836|INFO|Microsoft.EntityFrameworkCore.Database.Command|Executing DbCommand [Parameters=[@p2='?' (DbType = Int32), @p3='?' (Size = 200), @p4='?' (Size = 50), @p5='?' (DbType = Int32), @p6='?' (Size = 200), @p7='?' (Size = 50), @p8='?' (DbType = Int32), @p9='?' (Size = 200), @p10='?' (Size = 50), @p11='?' (DbType = Int32), @p12='?' (Size = 200), @p13='?' (Size = 50)], CommandType='Text', CommandTimeout='30']
SET NOCOUNT ON;
DECLARE @inserted0 TABLE ([Id] int, [_Position] [int]);
MERGE [PointsOfInterest] USING (
VALUES (@p2, @p3, @p4, 0),
(@p5, @p6, @p7, 1),
(@p8, @p9, @p10, 2),
(@p11, @p12, @p13, 3)) AS i ([CityId], [Description], [Name], _Position) ON 1=0
WHEN NOT MATCHED THEN
INSERT ([CityId], [Description], [Name])
VALUES (i.[CityId], i.[Description], i.[Name])
OUTPUT INSERTED.[Id], i._Position
INTO @inserted0;

SELECT [t].[Id] FROM [PointsOfInterest] t
INNER JOIN @inserted0 i ON ([t].[Id] = [i].[Id])
ORDER BY [i].[_Position];
2019-10-08 15:23:28.0529|INFO|Microsoft.Hosting.Lifetime|Application started. Press Ctrl+C to shut down.
2019-10-08 15:23:28.0612|INFO|Microsoft.Hosting.Lifetime|Hosting environment: Development
2019-10-08 15:23:28.0764|INFO|Microsoft.Hosting.Lifetime|Content root path: C:\Users\Andre.Borges\source\repos\CityInfo.API\CityInfo.API
2019-10-08 15:23:28.1054|INFO|Microsoft.AspNetCore.Hosting.Diagnostics|Request starting HTTP/2.0 GET https://localhost:44379/  
2019-10-08 15:23:28.2131|INFO|Microsoft.AspNetCore.Routing.EndpointMiddleware|Executing endpoint '/ HTTP: GET'
2019-10-08 15:23:28.2440|INFO|Microsoft.AspNetCore.Routing.EndpointMiddleware|Executed endpoint '/ HTTP: GET'
2019-10-08 15:23:28.2515|INFO|Microsoft.AspNetCore.Hosting.Diagnostics|Request finished in 147.71790000000001ms 200 
2019-10-08 17:19:37.8471|INFO|Microsoft.AspNetCore.DataProtection.KeyManagement.XmlKeyManager|User profile is available. Using 'C:\Users\Andre.Borges\AppData\Local\ASP.NET\DataProtection-Keys' as key repository and Windows DPAPI to encrypt keys at rest.
2019-10-08 17:19:38.9242|INFO|Microsoft.EntityFrameworkCore.Infrastructure|Entity Framework Core 3.0.0 initialized 'CityInfoContext' using provider 'Microsoft.EntityFrameworkCore.SqlServer' with options: None
2019-10-08 17:19:40.5813|INFO|Microsoft.EntityFrameworkCore.Database.Command|Executing DbCommand [Parameters=[], CommandType='Text', CommandTimeout='30']
SELECT OBJECT_ID(N'[__EFMigrationsHistory]');
2019-10-08 17:19:40.6486|INFO|Microsoft.EntityFrameworkCore.Database.Command|Executing DbCommand [Parameters=[], CommandType='Text', CommandTimeout='30']
SELECT OBJECT_ID(N'[__EFMigrationsHistory]');
2019-10-08 17:19:40.6792|INFO|Microsoft.EntityFrameworkCore.Database.Command|Executing DbCommand [Parameters=[], CommandType='Text', CommandTimeout='30']
SELECT [MigrationId], [ProductVersion]
FROM [__EFMigrationsHistory]
ORDER BY [MigrationId];
2019-10-08 17:19:40.7236|INFO|Microsoft.EntityFrameworkCore.Migrations|No migrations were applied. The database is already up to date.
2019-10-08 17:19:41.0338|INFO|Microsoft.EntityFrameworkCore.Database.Command|Executing DbCommand [Parameters=[], CommandType='Text', CommandTimeout='30']
SELECT CASE
    WHEN EXISTS (
        SELECT 1
        FROM [Cities] AS [c]) THEN CAST(1 AS bit)
    ELSE CAST(0 AS bit)
END
2019-10-08 17:19:41.3319|INFO|Microsoft.EntityFrameworkCore.Database.Command|Executing DbCommand [Parameters=[@p0='?' (Size = 200), @p1='?' (Size = 50)], CommandType='Text', CommandTimeout='30']
SET NOCOUNT ON;
INSERT INTO [Cities] ([Description], [Name])
VALUES (@p0, @p1);
SELECT [Id]
FROM [Cities]
WHERE @@ROWCOUNT = 1 AND [Id] = scope_identity();
2019-10-08 17:19:41.4213|INFO|Microsoft.EntityFrameworkCore.Database.Command|Executing DbCommand [Parameters=[@p0='?' (Size = 200), @p1='?' (Size = 50)], CommandType='Text', CommandTimeout='30']
SET NOCOUNT ON;
INSERT INTO [Cities] ([Description], [Name])
VALUES (@p0, @p1);
SELECT [Id]
FROM [Cities]
WHERE @@ROWCOUNT = 1 AND [Id] = scope_identity();
2019-10-08 17:19:41.4416|INFO|Microsoft.EntityFrameworkCore.Database.Command|Executing DbCommand [Parameters=[@p2='?' (DbType = Int32), @p3='?' (Size = 200), @p4='?' (Size = 50), @p5='?' (DbType = Int32), @p6='?' (Size = 200), @p7='?' (Size = 50), @p8='?' (DbType = Int32), @p9='?' (Size = 200), @p10='?' (Size = 50), @p11='?' (DbType = Int32), @p12='?' (Size = 200), @p13='?' (Size = 50)], CommandType='Text', CommandTimeout='30']
SET NOCOUNT ON;
DECLARE @inserted0 TABLE ([Id] int, [_Position] [int]);
MERGE [PointsOfInterest] USING (
VALUES (@p2, @p3, @p4, 0),
(@p5, @p6, @p7, 1),
(@p8, @p9, @p10, 2),
(@p11, @p12, @p13, 3)) AS i ([CityId], [Description], [Name], _Position) ON 1=0
WHEN NOT MATCHED THEN
INSERT ([CityId], [Description], [Name])
VALUES (i.[CityId], i.[Description], i.[Name])
OUTPUT INSERTED.[Id], i._Position
INTO @inserted0;

SELECT [t].[Id] FROM [PointsOfInterest] t
INNER JOIN @inserted0 i ON ([t].[Id] = [i].[Id])
ORDER BY [i].[_Position];
2019-10-08 17:19:41.6887|INFO|Microsoft.Hosting.Lifetime|Application started. Press Ctrl+C to shut down.
2019-10-08 17:19:41.7021|INFO|Microsoft.Hosting.Lifetime|Hosting environment: Development
2019-10-08 17:19:41.7021|INFO|Microsoft.Hosting.Lifetime|Content root path: C:\Users\Andre.Borges\source\repos\CityInfo.API\CityInfo.API
2019-10-08 17:19:41.7328|INFO|Microsoft.AspNetCore.Hosting.Diagnostics|Request starting HTTP/2.0 GET https://localhost:44379/  
2019-10-08 17:19:41.8482|INFO|Microsoft.AspNetCore.Routing.EndpointMiddleware|Executing endpoint '/ HTTP: GET'
2019-10-08 17:19:41.8755|INFO|Microsoft.AspNetCore.Routing.EndpointMiddleware|Executed endpoint '/ HTTP: GET'
2019-10-08 17:19:41.8820|INFO|Microsoft.AspNetCore.Hosting.Diagnostics|Request finished in 150.5558ms 200 
2019-10-08 17:19:50.5765|INFO|Microsoft.AspNetCore.Hosting.Diagnostics|Request starting HTTP/1.1 GET https://localhost:44379/api/cities  
2019-10-08 17:19:50.6109|INFO|Microsoft.AspNetCore.Mvc.Infrastructure.ControllerActionInvoker|Route matched with {action = "GetCities", controller = "Cities"}. Executing controller action with signature Microsoft.AspNetCore.Mvc.IActionResult GetCities() on controller CityInfo.API.Controllers.CitiesController (CityInfo.API).
2019-10-08 17:19:50.6207|INFO|Microsoft.EntityFrameworkCore.Infrastructure|Entity Framework Core 3.0.0 initialized 'CityInfoContext' using provider 'Microsoft.EntityFrameworkCore.SqlServer' with options: None
2019-10-08 17:19:50.6386|INFO|Microsoft.EntityFrameworkCore.Database.Command|Executing DbCommand [Parameters=[], CommandType='Text', CommandTimeout='30']
SELECT OBJECT_ID(N'[__EFMigrationsHistory]');
2019-10-08 17:19:50.6386|INFO|Microsoft.EntityFrameworkCore.Database.Command|Executing DbCommand [Parameters=[], CommandType='Text', CommandTimeout='30']
SELECT OBJECT_ID(N'[__EFMigrationsHistory]');
2019-10-08 17:19:50.6513|INFO|Microsoft.EntityFrameworkCore.Database.Command|Executing DbCommand [Parameters=[], CommandType='Text', CommandTimeout='30']
SELECT [MigrationId], [ProductVersion]
FROM [__EFMigrationsHistory]
ORDER BY [MigrationId];
2019-10-08 17:19:50.6513|INFO|Microsoft.EntityFrameworkCore.Migrations|No migrations were applied. The database is already up to date.
2019-10-08 17:19:50.9446|INFO|Microsoft.AspNetCore.Mvc.Infrastructure.ControllerActionInvoker|Executing action method CityInfo.API.Controllers.CitiesController.GetCities (CityInfo.API) - Validation state: Valid
2019-10-08 17:19:51.0243|INFO|Microsoft.EntityFrameworkCore.Database.Command|Executing DbCommand [Parameters=[], CommandType='Text', CommandTimeout='30']
SELECT [c].[Id], [c].[Description], [c].[Name]
FROM [Cities] AS [c]
ORDER BY [c].[Name]
2019-10-08 17:19:51.0383|INFO|Microsoft.AspNetCore.Mvc.Infrastructure.ControllerActionInvoker|Executed action method CityInfo.API.Controllers.CitiesController.GetCities (CityInfo.API), returned result Microsoft.AspNetCore.Mvc.OkObjectResult in 85.5201ms.
2019-10-08 17:19:51.0639|INFO|Microsoft.AspNetCore.Mvc.Infrastructure.ObjectResultExecutor|Executing ObjectResult, writing value of type 'System.Collections.Generic.List`1[[CityInfo.API.Models.CityWithoutPointsOfInterestDto, CityInfo.API, Version=1.0.0.0, Culture=neutral, PublicKeyToken=null]]'.
2019-10-08 17:19:51.1035|INFO|Microsoft.AspNetCore.Mvc.Infrastructure.ControllerActionInvoker|Executed action CityInfo.API.Controllers.CitiesController.GetCities (CityInfo.API) in 477.7135ms
2019-10-08 17:19:51.1035|INFO|Microsoft.AspNetCore.Hosting.Diagnostics|Request finished in 534.2333ms 200 application/xml; charset=utf-8
2019-10-08 17:20:02.6882|INFO|Microsoft.AspNetCore.Hosting.Diagnostics|Request starting HTTP/1.1 GET https://localhost:44379/api/cities  
2019-10-08 17:20:02.6989|INFO|Microsoft.AspNetCore.Mvc.Infrastructure.ControllerActionInvoker|Route matched with {action = "GetCities", controller = "Cities"}. Executing controller action with signature Microsoft.AspNetCore.Mvc.IActionResult GetCities() on controller CityInfo.API.Controllers.CitiesController (CityInfo.API).
2019-10-08 17:20:02.7562|INFO|Microsoft.EntityFrameworkCore.Infrastructure|Entity Framework Core 3.0.0 initialized 'CityInfoContext' using provider 'Microsoft.EntityFrameworkCore.SqlServer' with options: None
2019-10-08 17:20:02.7562|INFO|Microsoft.EntityFrameworkCore.Database.Command|Executing DbCommand [Parameters=[], CommandType='Text', CommandTimeout='30']
SELECT OBJECT_ID(N'[__EFMigrationsHistory]');
2019-10-08 17:20:02.7729|INFO|Microsoft.EntityFrameworkCore.Database.Command|Executing DbCommand [Parameters=[], CommandType='Text', CommandTimeout='30']
SELECT OBJECT_ID(N'[__EFMigrationsHistory]');
2019-10-08 17:20:02.7729|INFO|Microsoft.EntityFrameworkCore.Database.Command|Executing DbCommand [Parameters=[], CommandType='Text', CommandTimeout='30']
SELECT [MigrationId], [ProductVersion]
FROM [__EFMigrationsHistory]
ORDER BY [MigrationId];
2019-10-08 17:20:02.7864|INFO|Microsoft.EntityFrameworkCore.Migrations|No migrations were applied. The database is already up to date.
2019-10-08 17:20:02.8154|INFO|Microsoft.AspNetCore.Mvc.Infrastructure.ControllerActionInvoker|Executing action method CityInfo.API.Controllers.CitiesController.GetCities (CityInfo.API) - Validation state: Valid
2019-10-08 17:20:02.8232|INFO|Microsoft.EntityFrameworkCore.Database.Command|Executing DbCommand [Parameters=[], CommandType='Text', CommandTimeout='30']
SELECT [c].[Id], [c].[Description], [c].[Name]
FROM [Cities] AS [c]
ORDER BY [c].[Name]
2019-10-08 17:20:02.8232|INFO|Microsoft.AspNetCore.Mvc.Infrastructure.ControllerActionInvoker|Executed action method CityInfo.API.Controllers.CitiesController.GetCities (CityInfo.API), returned result Microsoft.AspNetCore.Mvc.OkObjectResult in 8.5938ms.
2019-10-08 17:20:02.8333|INFO|Microsoft.AspNetCore.Mvc.Infrastructure.ObjectResultExecutor|Executing ObjectResult, writing value of type 'System.Collections.Generic.List`1[[CityInfo.API.Models.CityWithoutPointsOfInterestDto, CityInfo.API, Version=1.0.0.0, Culture=neutral, PublicKeyToken=null]]'.
2019-10-08 17:20:02.9713|INFO|Microsoft.AspNetCore.Mvc.Infrastructure.ControllerActionInvoker|Executed action CityInfo.API.Controllers.CitiesController.GetCities (CityInfo.API) in 268.5425ms
2019-10-08 17:20:02.9776|INFO|Microsoft.AspNetCore.Hosting.Diagnostics|Request finished in 288.49330000000003ms 200 application/json; charset=utf-8
2019-10-08 17:29:45.9093|INFO|Microsoft.AspNetCore.DataProtection.KeyManagement.XmlKeyManager|User profile is available. Using 'C:\Users\Andre.Borges\AppData\Local\ASP.NET\DataProtection-Keys' as key repository and Windows DPAPI to encrypt keys at rest.
2019-10-08 17:29:47.3042|INFO|Microsoft.EntityFrameworkCore.Infrastructure|Entity Framework Core 3.0.0 initialized 'CityInfoContext' using provider 'Microsoft.EntityFrameworkCore.SqlServer' with options: None
2019-10-08 17:29:49.5578|INFO|Microsoft.EntityFrameworkCore.Database.Command|Executing DbCommand [Parameters=[], CommandType='Text', CommandTimeout='30']
SELECT OBJECT_ID(N'[__EFMigrationsHistory]');
2019-10-08 17:29:49.6204|INFO|Microsoft.EntityFrameworkCore.Database.Command|Executing DbCommand [Parameters=[], CommandType='Text', CommandTimeout='30']
SELECT OBJECT_ID(N'[__EFMigrationsHistory]');
2019-10-08 17:29:49.6644|INFO|Microsoft.EntityFrameworkCore.Database.Command|Executing DbCommand [Parameters=[], CommandType='Text', CommandTimeout='30']
SELECT [MigrationId], [ProductVersion]
FROM [__EFMigrationsHistory]
ORDER BY [MigrationId];
2019-10-08 17:29:49.7049|INFO|Microsoft.EntityFrameworkCore.Migrations|No migrations were applied. The database is already up to date.
2019-10-08 17:29:50.0601|INFO|Microsoft.EntityFrameworkCore.Database.Command|Executing DbCommand [Parameters=[], CommandType='Text', CommandTimeout='30']
SELECT CASE
    WHEN EXISTS (
        SELECT 1
        FROM [Cities] AS [c]) THEN CAST(1 AS bit)
    ELSE CAST(0 AS bit)
END
2019-10-08 17:29:50.5270|INFO|Microsoft.EntityFrameworkCore.Database.Command|Executing DbCommand [Parameters=[@p0='?' (Size = 200), @p1='?' (Size = 50)], CommandType='Text', CommandTimeout='30']
SET NOCOUNT ON;
INSERT INTO [Cities] ([Description], [Name])
VALUES (@p0, @p1);
SELECT [Id]
FROM [Cities]
WHERE @@ROWCOUNT = 1 AND [Id] = scope_identity();
2019-10-08 17:29:50.6549|INFO|Microsoft.EntityFrameworkCore.Database.Command|Executing DbCommand [Parameters=[@p0='?' (Size = 200), @p1='?' (Size = 50)], CommandType='Text', CommandTimeout='30']
SET NOCOUNT ON;
INSERT INTO [Cities] ([Description], [Name])
VALUES (@p0, @p1);
SELECT [Id]
FROM [Cities]
WHERE @@ROWCOUNT = 1 AND [Id] = scope_identity();
2019-10-08 17:29:50.6846|INFO|Microsoft.EntityFrameworkCore.Database.Command|Executing DbCommand [Parameters=[@p2='?' (DbType = Int32), @p3='?' (Size = 200), @p4='?' (Size = 50), @p5='?' (DbType = Int32), @p6='?' (Size = 200), @p7='?' (Size = 50), @p8='?' (DbType = Int32), @p9='?' (Size = 200), @p10='?' (Size = 50), @p11='?' (DbType = Int32), @p12='?' (Size = 200), @p13='?' (Size = 50)], CommandType='Text', CommandTimeout='30']
SET NOCOUNT ON;
DECLARE @inserted0 TABLE ([Id] int, [_Position] [int]);
MERGE [PointsOfInterest] USING (
VALUES (@p2, @p3, @p4, 0),
(@p5, @p6, @p7, 1),
(@p8, @p9, @p10, 2),
(@p11, @p12, @p13, 3)) AS i ([CityId], [Description], [Name], _Position) ON 1=0
WHEN NOT MATCHED THEN
INSERT ([CityId], [Description], [Name])
VALUES (i.[CityId], i.[Description], i.[Name])
OUTPUT INSERTED.[Id], i._Position
INTO @inserted0;

SELECT [t].[Id] FROM [PointsOfInterest] t
INNER JOIN @inserted0 i ON ([t].[Id] = [i].[Id])
ORDER BY [i].[_Position];
2019-10-08 17:29:50.9835|INFO|Microsoft.Hosting.Lifetime|Application started. Press Ctrl+C to shut down.
2019-10-08 17:29:51.0126|INFO|Microsoft.Hosting.Lifetime|Hosting environment: Development
2019-10-08 17:29:51.0540|INFO|Microsoft.Hosting.Lifetime|Content root path: C:\Users\Andre.Borges\source\repos\CityInfo.API\CityInfo.API
2019-10-08 17:29:51.0966|INFO|Microsoft.AspNetCore.Hosting.Diagnostics|Request starting HTTP/1.1 GET https://localhost:44379/api/cities/1  
2019-10-08 17:29:51.0966|INFO|Microsoft.AspNetCore.Hosting.Diagnostics|Request starting HTTP/2.0 GET https://localhost:44379/  
2019-10-08 17:29:51.2550|INFO|Microsoft.AspNetCore.Routing.EndpointMiddleware|Executing endpoint '/ HTTP: GET'
2019-10-08 17:29:51.2894|INFO|Microsoft.AspNetCore.Mvc.Infrastructure.ControllerActionInvoker|Route matched with {action = "GetCity", controller = "Cities"}. Executing controller action with signature Microsoft.AspNetCore.Mvc.IActionResult GetCity(Int32, Boolean) on controller CityInfo.API.Controllers.CitiesController (CityInfo.API).
2019-10-08 17:29:51.3048|INFO|Microsoft.EntityFrameworkCore.Infrastructure|Entity Framework Core 3.0.0 initialized 'CityInfoContext' using provider 'Microsoft.EntityFrameworkCore.SqlServer' with options: None
2019-10-08 17:29:51.3106|INFO|Microsoft.AspNetCore.Routing.EndpointMiddleware|Executed endpoint '/ HTTP: GET'
2019-10-08 17:29:51.3106|INFO|Microsoft.EntityFrameworkCore.Database.Command|Executing DbCommand [Parameters=[], CommandType='Text', CommandTimeout='30']
SELECT OBJECT_ID(N'[__EFMigrationsHistory]');
2019-10-08 17:29:51.3421|INFO|Microsoft.EntityFrameworkCore.Database.Command|Executing DbCommand [Parameters=[], CommandType='Text', CommandTimeout='30']
SELECT OBJECT_ID(N'[__EFMigrationsHistory]');
2019-10-08 17:29:51.3421|INFO|Microsoft.AspNetCore.Hosting.Diagnostics|Request finished in 251.07440000000003ms 200 
2019-10-08 17:29:51.3421|INFO|Microsoft.EntityFrameworkCore.Database.Command|Executing DbCommand [Parameters=[], CommandType='Text', CommandTimeout='30']
SELECT [MigrationId], [ProductVersion]
FROM [__EFMigrationsHistory]
ORDER BY [MigrationId];
2019-10-08 17:29:51.3599|INFO|Microsoft.EntityFrameworkCore.Migrations|No migrations were applied. The database is already up to date.
2019-10-08 17:29:51.5545|INFO|Microsoft.AspNetCore.Mvc.Infrastructure.ControllerActionInvoker|Executing action method CityInfo.API.Controllers.CitiesController.GetCity (CityInfo.API) - Validation state: Valid
2019-10-08 17:29:51.6204|INFO|Microsoft.EntityFrameworkCore.Database.Command|Executing DbCommand [Parameters=[@__cityId_0='?' (DbType = Int32)], CommandType='Text', CommandTimeout='30']
SELECT TOP(1) [c].[Id], [c].[Description], [c].[Name]
FROM [Cities] AS [c]
WHERE ([c].[Id] = @__cityId_0) AND @__cityId_0 IS NOT NULL
2019-10-08 17:29:51.6345|INFO|Microsoft.AspNetCore.Mvc.Infrastructure.ControllerActionInvoker|Executed action method CityInfo.API.Controllers.CitiesController.GetCity (CityInfo.API), returned result Microsoft.AspNetCore.Mvc.OkObjectResult in 71.2059ms.
2019-10-08 17:29:51.6638|INFO|Microsoft.AspNetCore.Mvc.Infrastructure.ObjectResultExecutor|Executing ObjectResult, writing value of type 'CityInfo.API.Models.CityWithoutPointsOfInterestDto'.
2019-10-08 17:29:51.6919|INFO|Microsoft.AspNetCore.Mvc.Infrastructure.ControllerActionInvoker|Executed action CityInfo.API.Controllers.CitiesController.GetCity (CityInfo.API) in 388.248ms
2019-10-08 17:29:51.7550|INFO|Microsoft.AspNetCore.Hosting.Diagnostics|Request finished in 613.2618ms 200 application/xml; charset=utf-8
2019-10-08 17:29:57.2066|INFO|Microsoft.AspNetCore.Hosting.Diagnostics|Request starting HTTP/1.1 GET https://localhost:44379/api/cities/2  
2019-10-08 17:29:57.2066|INFO|Microsoft.AspNetCore.Mvc.Infrastructure.ControllerActionInvoker|Route matched with {action = "GetCity", controller = "Cities"}. Executing controller action with signature Microsoft.AspNetCore.Mvc.IActionResult GetCity(Int32, Boolean) on controller CityInfo.API.Controllers.CitiesController (CityInfo.API).
2019-10-08 17:29:57.2760|INFO|Microsoft.EntityFrameworkCore.Infrastructure|Entity Framework Core 3.0.0 initialized 'CityInfoContext' using provider 'Microsoft.EntityFrameworkCore.SqlServer' with options: None
2019-10-08 17:29:57.2902|INFO|Microsoft.EntityFrameworkCore.Database.Command|Executing DbCommand [Parameters=[], CommandType='Text', CommandTimeout='30']
SELECT OBJECT_ID(N'[__EFMigrationsHistory]');
2019-10-08 17:29:57.2902|INFO|Microsoft.EntityFrameworkCore.Database.Command|Executing DbCommand [Parameters=[], CommandType='Text', CommandTimeout='30']
SELECT OBJECT_ID(N'[__EFMigrationsHistory]');
2019-10-08 17:29:57.3019|INFO|Microsoft.EntityFrameworkCore.Database.Command|Executing DbCommand [Parameters=[], CommandType='Text', CommandTimeout='30']
SELECT [MigrationId], [ProductVersion]
FROM [__EFMigrationsHistory]
ORDER BY [MigrationId];
2019-10-08 17:29:57.3019|INFO|Microsoft.EntityFrameworkCore.Migrations|No migrations were applied. The database is already up to date.
2019-10-08 17:29:57.3331|INFO|Microsoft.AspNetCore.Mvc.Infrastructure.ControllerActionInvoker|Executing action method CityInfo.API.Controllers.CitiesController.GetCity (CityInfo.API) - Validation state: Valid
2019-10-08 17:29:57.3442|INFO|Microsoft.EntityFrameworkCore.Database.Command|Executing DbCommand [Parameters=[@__cityId_0='?' (DbType = Int32)], CommandType='Text', CommandTimeout='30']
SELECT TOP(1) [c].[Id], [c].[Description], [c].[Name]
FROM [Cities] AS [c]
WHERE ([c].[Id] = @__cityId_0) AND @__cityId_0 IS NOT NULL
2019-10-08 17:29:57.3442|INFO|Microsoft.AspNetCore.Mvc.Infrastructure.ControllerActionInvoker|Executed action method CityInfo.API.Controllers.CitiesController.GetCity (CityInfo.API), returned result Microsoft.AspNetCore.Mvc.OkObjectResult in 11.6973ms.
2019-10-08 17:29:57.3569|INFO|Microsoft.AspNetCore.Mvc.Infrastructure.ObjectResultExecutor|Executing ObjectResult, writing value of type 'CityInfo.API.Models.CityWithoutPointsOfInterestDto'.
2019-10-08 17:29:57.3752|INFO|Microsoft.AspNetCore.Mvc.Infrastructure.ControllerActionInvoker|Executed action CityInfo.API.Controllers.CitiesController.GetCity (CityInfo.API) in 143.4994ms
2019-10-08 17:29:57.3962|INFO|Microsoft.AspNetCore.Hosting.Diagnostics|Request finished in 175.3496ms 200 application/xml; charset=utf-8
2019-10-08 17:30:17.4234|INFO|Microsoft.AspNetCore.Hosting.Diagnostics|Request starting HTTP/1.1 GET https://localhost:44379/api/cities/20  
2019-10-08 17:30:17.4398|INFO|Microsoft.AspNetCore.Mvc.Infrastructure.ControllerActionInvoker|Route matched with {action = "GetCity", controller = "Cities"}. Executing controller action with signature Microsoft.AspNetCore.Mvc.IActionResult GetCity(Int32, Boolean) on controller CityInfo.API.Controllers.CitiesController (CityInfo.API).
2019-10-08 17:30:17.5540|INFO|Microsoft.EntityFrameworkCore.Infrastructure|Entity Framework Core 3.0.0 initialized 'CityInfoContext' using provider 'Microsoft.EntityFrameworkCore.SqlServer' with options: None
2019-10-08 17:30:17.5873|INFO|Microsoft.EntityFrameworkCore.Database.Command|Executing DbCommand [Parameters=[], CommandType='Text', CommandTimeout='30']
SELECT OBJECT_ID(N'[__EFMigrationsHistory]');
2019-10-08 17:30:17.5873|INFO|Microsoft.EntityFrameworkCore.Database.Command|Executing DbCommand [Parameters=[], CommandType='Text', CommandTimeout='30']
SELECT OBJECT_ID(N'[__EFMigrationsHistory]');
2019-10-08 17:30:17.6048|INFO|Microsoft.EntityFrameworkCore.Database.Command|Executing DbCommand [Parameters=[], CommandType='Text', CommandTimeout='30']
SELECT [MigrationId], [ProductVersion]
FROM [__EFMigrationsHistory]
ORDER BY [MigrationId];
2019-10-08 17:30:17.6048|INFO|Microsoft.EntityFrameworkCore.Migrations|No migrations were applied. The database is already up to date.
2019-10-08 17:30:17.6398|INFO|Microsoft.AspNetCore.Mvc.Infrastructure.ControllerActionInvoker|Executing action method CityInfo.API.Controllers.CitiesController.GetCity (CityInfo.API) - Validation state: Valid
2019-10-08 17:30:17.6446|INFO|Microsoft.EntityFrameworkCore.Database.Command|Executing DbCommand [Parameters=[@__cityId_0='?' (DbType = Int32)], CommandType='Text', CommandTimeout='30']
SELECT TOP(1) [c].[Id], [c].[Description], [c].[Name]
FROM [Cities] AS [c]
WHERE ([c].[Id] = @__cityId_0) AND @__cityId_0 IS NOT NULL
2019-10-08 17:30:17.6735|INFO|Microsoft.AspNetCore.Mvc.Infrastructure.ControllerActionInvoker|Executed action method CityInfo.API.Controllers.CitiesController.GetCity (CityInfo.API), returned result Microsoft.AspNetCore.Mvc.NotFoundResult in 18.9393ms.
2019-10-08 17:30:17.6954|INFO|Microsoft.AspNetCore.Mvc.StatusCodeResult|Executing HttpStatusCodeResult, setting HTTP status code 404
2019-10-08 17:30:17.7059|INFO|Microsoft.AspNetCore.Mvc.Infrastructure.ControllerActionInvoker|Executed action CityInfo.API.Controllers.CitiesController.GetCity (CityInfo.API) in 259.59180000000003ms
2019-10-08 17:30:17.7235|INFO|Microsoft.AspNetCore.Hosting.Diagnostics|Request finished in 288.8515ms 404 text/plain
2019-10-08 17:30:20.9698|INFO|Microsoft.AspNetCore.Hosting.Diagnostics|Request starting HTTP/1.1 GET https://localhost:44379/api/cities/2  
2019-10-08 17:30:20.9972|INFO|Microsoft.AspNetCore.Mvc.Infrastructure.ControllerActionInvoker|Route matched with {action = "GetCity", controller = "Cities"}. Executing controller action with signature Microsoft.AspNetCore.Mvc.IActionResult GetCity(Int32, Boolean) on controller CityInfo.API.Controllers.CitiesController (CityInfo.API).
2019-10-08 17:30:21.0144|INFO|Microsoft.EntityFrameworkCore.Infrastructure|Entity Framework Core 3.0.0 initialized 'CityInfoContext' using provider 'Microsoft.EntityFrameworkCore.SqlServer' with options: None
2019-10-08 17:30:21.0254|INFO|Microsoft.EntityFrameworkCore.Database.Command|Executing DbCommand [Parameters=[], CommandType='Text', CommandTimeout='30']
SELECT OBJECT_ID(N'[__EFMigrationsHistory]');
2019-10-08 17:30:21.0556|INFO|Microsoft.EntityFrameworkCore.Database.Command|Executing DbCommand [Parameters=[], CommandType='Text', CommandTimeout='30']
SELECT OBJECT_ID(N'[__EFMigrationsHistory]');
2019-10-08 17:30:21.0718|INFO|Microsoft.EntityFrameworkCore.Database.Command|Executing DbCommand [Parameters=[], CommandType='Text', CommandTimeout='30']
SELECT [MigrationId], [ProductVersion]
FROM [__EFMigrationsHistory]
ORDER BY [MigrationId];
2019-10-08 17:30:21.0718|INFO|Microsoft.EntityFrameworkCore.Migrations|No migrations were applied. The database is already up to date.
2019-10-08 17:30:21.1084|INFO|Microsoft.AspNetCore.Mvc.Infrastructure.ControllerActionInvoker|Executing action method CityInfo.API.Controllers.CitiesController.GetCity (CityInfo.API) - Validation state: Valid
2019-10-08 17:30:21.1137|INFO|Microsoft.EntityFrameworkCore.Database.Command|Executing DbCommand [Parameters=[@__cityId_0='?' (DbType = Int32)], CommandType='Text', CommandTimeout='30']
SELECT TOP(1) [c].[Id], [c].[Description], [c].[Name]
FROM [Cities] AS [c]
WHERE ([c].[Id] = @__cityId_0) AND @__cityId_0 IS NOT NULL
2019-10-08 17:30:21.1137|INFO|Microsoft.AspNetCore.Mvc.Infrastructure.ControllerActionInvoker|Executed action method CityInfo.API.Controllers.CitiesController.GetCity (CityInfo.API), returned result Microsoft.AspNetCore.Mvc.OkObjectResult in 7.8189ms.
2019-10-08 17:30:21.1137|INFO|Microsoft.AspNetCore.Mvc.Infrastructure.ObjectResultExecutor|Executing ObjectResult, writing value of type 'CityInfo.API.Models.CityWithoutPointsOfInterestDto'.
2019-10-08 17:30:21.1458|INFO|Microsoft.AspNetCore.Mvc.Infrastructure.ControllerActionInvoker|Executed action CityInfo.API.Controllers.CitiesController.GetCity (CityInfo.API) in 125.57140000000001ms
2019-10-08 17:30:21.1458|INFO|Microsoft.AspNetCore.Hosting.Diagnostics|Request finished in 188.79160000000002ms 200 application/xml; charset=utf-8
2019-10-08 17:30:47.1249|INFO|Microsoft.AspNetCore.Hosting.Diagnostics|Request starting HTTP/1.1 GET https://localhost:44379/api/cities/2?includePointsOfInterest=true  
2019-10-08 17:30:47.1460|INFO|Microsoft.AspNetCore.Mvc.Infrastructure.ControllerActionInvoker|Route matched with {action = "GetCity", controller = "Cities"}. Executing controller action with signature Microsoft.AspNetCore.Mvc.IActionResult GetCity(Int32, Boolean) on controller CityInfo.API.Controllers.CitiesController (CityInfo.API).
2019-10-08 17:30:47.1721|INFO|Microsoft.EntityFrameworkCore.Infrastructure|Entity Framework Core 3.0.0 initialized 'CityInfoContext' using provider 'Microsoft.EntityFrameworkCore.SqlServer' with options: None
2019-10-08 17:30:47.1796|INFO|Microsoft.EntityFrameworkCore.Database.Command|Executing DbCommand [Parameters=[], CommandType='Text', CommandTimeout='30']
SELECT OBJECT_ID(N'[__EFMigrationsHistory]');
2019-10-08 17:30:47.1796|INFO|Microsoft.EntityFrameworkCore.Database.Command|Executing DbCommand [Parameters=[], CommandType='Text', CommandTimeout='30']
SELECT OBJECT_ID(N'[__EFMigrationsHistory]');
2019-10-08 17:30:47.1929|INFO|Microsoft.EntityFrameworkCore.Database.Command|Executing DbCommand [Parameters=[], CommandType='Text', CommandTimeout='30']
SELECT [MigrationId], [ProductVersion]
FROM [__EFMigrationsHistory]
ORDER BY [MigrationId];
2019-10-08 17:30:47.1929|INFO|Microsoft.EntityFrameworkCore.Migrations|No migrations were applied. The database is already up to date.
2019-10-08 17:30:47.2265|INFO|Microsoft.AspNetCore.Mvc.Infrastructure.ControllerActionInvoker|Executing action method CityInfo.API.Controllers.CitiesController.GetCity (CityInfo.API) - Validation state: Valid
2019-10-08 17:30:47.3020|INFO|Microsoft.EntityFrameworkCore.Database.Command|Executing DbCommand [Parameters=[@__cityId_0='?' (DbType = Int32)], CommandType='Text', CommandTimeout='30']
SELECT [t].[Id], [t].[Description], [t].[Name], [p].[Id], [p].[CityId], [p].[Description], [p].[Name]
FROM (
    SELECT TOP(1) [c].[Id], [c].[Description], [c].[Name]
    FROM [Cities] AS [c]
    WHERE ([c].[Id] = @__cityId_0) AND @__cityId_0 IS NOT NULL
) AS [t]
LEFT JOIN [PointsOfInterest] AS [p] ON [t].[Id] = [p].[CityId]
ORDER BY [t].[Id], [p].[Id]
2019-10-08 17:30:47.3158|INFO|Microsoft.AspNetCore.Mvc.Infrastructure.ControllerActionInvoker|Executed action method CityInfo.API.Controllers.CitiesController.GetCity (CityInfo.API), returned result Microsoft.AspNetCore.Mvc.OkObjectResult in 86.0994ms.
2019-10-08 17:30:47.3158|INFO|Microsoft.AspNetCore.Mvc.Infrastructure.ObjectResultExecutor|Executing ObjectResult, writing value of type 'CityInfo.API.Models.CityDto'.
2019-10-08 17:30:47.3370|INFO|Microsoft.AspNetCore.Mvc.Infrastructure.ControllerActionInvoker|Executed action CityInfo.API.Controllers.CitiesController.GetCity (CityInfo.API) in 179.691ms
2019-10-08 17:30:47.3492|INFO|Microsoft.AspNetCore.Hosting.Diagnostics|Request finished in 221.8554ms 200 application/xml; charset=utf-8
2019-10-08 17:30:57.3429|INFO|Microsoft.AspNetCore.Hosting.Diagnostics|Request starting HTTP/1.1 GET https://localhost:44379/api/cities/2?includePointsOfInterest=true  
2019-10-08 17:30:57.3503|INFO|Microsoft.AspNetCore.Mvc.Infrastructure.ControllerActionInvoker|Route matched with {action = "GetCity", controller = "Cities"}. Executing controller action with signature Microsoft.AspNetCore.Mvc.IActionResult GetCity(Int32, Boolean) on controller CityInfo.API.Controllers.CitiesController (CityInfo.API).
2019-10-08 17:30:57.3503|INFO|Microsoft.EntityFrameworkCore.Infrastructure|Entity Framework Core 3.0.0 initialized 'CityInfoContext' using provider 'Microsoft.EntityFrameworkCore.SqlServer' with options: None
2019-10-08 17:30:57.3665|INFO|Microsoft.EntityFrameworkCore.Database.Command|Executing DbCommand [Parameters=[], CommandType='Text', CommandTimeout='30']
SELECT OBJECT_ID(N'[__EFMigrationsHistory]');
2019-10-08 17:30:57.3665|INFO|Microsoft.EntityFrameworkCore.Database.Command|Executing DbCommand [Parameters=[], CommandType='Text', CommandTimeout='30']
SELECT OBJECT_ID(N'[__EFMigrationsHistory]');
2019-10-08 17:30:57.3880|INFO|Microsoft.EntityFrameworkCore.Database.Command|Executing DbCommand [Parameters=[], CommandType='Text', CommandTimeout='30']
SELECT [MigrationId], [ProductVersion]
FROM [__EFMigrationsHistory]
ORDER BY [MigrationId];
2019-10-08 17:30:57.3927|INFO|Microsoft.EntityFrameworkCore.Migrations|No migrations were applied. The database is already up to date.
2019-10-08 17:30:57.4184|INFO|Microsoft.AspNetCore.Mvc.Infrastructure.ControllerActionInvoker|Executing action method CityInfo.API.Controllers.CitiesController.GetCity (CityInfo.API) - Validation state: Valid
2019-10-08 17:30:57.4242|INFO|Microsoft.EntityFrameworkCore.Database.Command|Executing DbCommand [Parameters=[@__cityId_0='?' (DbType = Int32)], CommandType='Text', CommandTimeout='30']
SELECT [t].[Id], [t].[Description], [t].[Name], [p].[Id], [p].[CityId], [p].[Description], [p].[Name]
FROM (
    SELECT TOP(1) [c].[Id], [c].[Description], [c].[Name]
    FROM [Cities] AS [c]
    WHERE ([c].[Id] = @__cityId_0) AND @__cityId_0 IS NOT NULL
) AS [t]
LEFT JOIN [PointsOfInterest] AS [p] ON [t].[Id] = [p].[CityId]
ORDER BY [t].[Id], [p].[Id]
2019-10-08 17:30:57.4242|INFO|Microsoft.AspNetCore.Mvc.Infrastructure.ControllerActionInvoker|Executed action method CityInfo.API.Controllers.CitiesController.GetCity (CityInfo.API), returned result Microsoft.AspNetCore.Mvc.OkObjectResult in 9.8162ms.
2019-10-08 17:30:57.4242|INFO|Microsoft.AspNetCore.Mvc.Infrastructure.ObjectResultExecutor|Executing ObjectResult, writing value of type 'CityInfo.API.Models.CityDto'.
2019-10-08 17:30:57.5974|INFO|Microsoft.AspNetCore.Mvc.Infrastructure.ControllerActionInvoker|Executed action CityInfo.API.Controllers.CitiesController.GetCity (CityInfo.API) in 241.50560000000002ms
2019-10-08 17:30:57.5974|INFO|Microsoft.AspNetCore.Hosting.Diagnostics|Request finished in 262.0133ms 200 application/json; charset=utf-8
